org.eclipse.m2e.logback.configuration: The org.eclipse.m2e.logback.configuration bundle was activated before the state location was initialized.  Will retry after the state location is initialized.
org.eclipse.m2e.logback.configuration: Logback config file: /n/ojka/eclipse-workspace/.metadata/.plugins/org.eclipse.m2e.logback.configuration/logback.1.16.0.20200318-1040.xml
org.eclipse.m2e.logback.configuration: Initializing logback
May 23, 2022 12:00:00 PM org.eclipse.lemminx.XMLLanguageServer initialize
INFO: Initializing XML Language server
LemMinX Server info:
 - Version : 0.12.0
 - Java : /usr/lib/jvm/java-11-openjdk-amd64
 - Git 43595c3 - [maven-release-plugin] prepare release 0.12.0
SLF4J: Failed to load class "org.slf4j.impl.StaticLoggerBinder".
SLF4J: Defaulting to no-operation (NOP) logger implementation
SLF4J: See http://www.slf4j.org/codes.html#StaticLoggerBinder for further details.
RunProcess.appStarted(fd298af3-f2df-4ef0-9259-3db875bbf5c9)
RunProcess.appStarted(fd298af3-f2df-4ef0-9259-3db875bbf5c9)
RunProcess.appStarted(fd298af3-f2df-4ef0-9259-3db875bbf5c9)
RunProcess.appStarted(fd298af3-f2df-4ef0-9259-3db875bbf5c9)
RunProcess.appStarted(fd298af3-f2df-4ef0-9259-3db875bbf5c9)
RunProcess.appStarted(fd298af3-f2df-4ef0-9259-3db875bbf5c9)
RunProcess.appTerminated(fd298af3-f2df-4ef0-9259-3db875bbf5c9)
RunProcess.appTerminated(fd298af3-f2df-4ef0-9259-3db875bbf5c9)
RunProcess.appTerminated(fd298af3-f2df-4ef0-9259-3db875bbf5c9)
2022-09-16 10:56:35,902 [   2238]   WARN - #com.intellij.ui.jcef.JBCefApp - JCEF runtime library is not a JBR module (Use JBR bundled with the IDE) 
2022-09-16 10:56:38,592 [   4928]   WARN - nSystem.impl.ActionToolbarImpl - 'AndroidBuildVariantViewNotifications' toolbar by default uses any focused component to update its actions. Toolbar actions that need local UI context would be incorrectly disabled. Please call toolbar.setTargetComponent() explicitly. 
java.lang.Throwable: toolbar creation trace
	at com.intellij.openapi.actionSystem.impl.ActionToolbarImpl.<init>(ActionToolbarImpl.java:114)
	at com.intellij.openapi.actionSystem.impl.ActionManagerImpl.createActionToolbar(ActionManagerImpl.java:440)
	at com.intellij.openapi.actionSystem.impl.ActionManagerImpl.createActionToolbar(ActionManagerImpl.java:434)
	at com.android.tools.idea.gradle.variant.view.BuildVariantView$NotificationPanel.<init>(BuildVariantView.java:415)
	at com.android.tools.idea.gradle.variant.view.BuildVariantView.createUIComponents(BuildVariantView.java:154)
	at com.android.tools.idea.gradle.variant.view.BuildVariantView.$$$setupUI$$$(BuildVariantView.java)
	at com.android.tools.idea.gradle.variant.view.BuildVariantView.<init>(BuildVariantView.java:118)
	at com.android.tools.idea.gradle.variant.view.BuildVariantView.<init>(BuildVariantView.java:139)
	at java.base/jdk.internal.reflect.NativeConstructorAccessorImpl.newInstance0(Native Method)
	at java.base/jdk.internal.reflect.NativeConstructorAccessorImpl.newInstance(NativeConstructorAccessorImpl.java:62)
	at java.base/jdk.internal.reflect.DelegatingConstructorAccessorImpl.newInstance(DelegatingConstructorAccessorImpl.java:45)
	at java.base/java.lang.reflect.Constructor.newInstance(Constructor.java:490)
	at com.intellij.serviceContainer.ConstructorInjectionKt.instantiateUsingPicoContainer(constructorInjection.kt:52)
	at com.intellij.serviceContainer.ComponentManagerImpl.instantiateClassWithConstructorInjection(ComponentManagerImpl.kt:877)
	at com.intellij.serviceContainer.ServiceComponentAdapter.createAndInitialize(ServiceComponentAdapter.kt:48)
	at com.intellij.serviceContainer.ServiceComponentAdapter.doCreateInstance(ServiceComponentAdapter.kt:36)
	at com.intellij.serviceContainer.BaseComponentAdapter.getInstanceUncached(BaseComponentAdapter.kt:113)
	at com.intellij.serviceContainer.BaseComponentAdapter.getInstance(BaseComponentAdapter.kt:67)
	at com.intellij.serviceContainer.BaseComponentAdapter.getInstance$default(BaseComponentAdapter.kt:60)
	at com.intellij.serviceContainer.ComponentManagerImpl.doGetService(ComponentManagerImpl.kt:590)
	at com.intellij.serviceContainer.ComponentManagerImpl.getService(ComponentManagerImpl.kt:573)
	at com.intellij.openapi.client.ClientAwareComponentManager.getFromSelfOrCurrentSession(ClientAwareComponentManager.kt:37)
	at com.intellij.openapi.client.ClientAwareComponentManager.getService(ClientAwareComponentManager.kt:22)
	at com.android.tools.idea.gradle.variant.view.BuildVariantView.getInstance(BuildVariantView.java:135)
	at com.android.tools.idea.gradle.variant.view.BuildVariantToolWindowFactory.createToolWindowContent(BuildVariantToolWindowFactory.java:32)
	at com.intellij.openapi.wm.impl.ToolWindowImpl.createContentIfNeeded$intellij_platform_ide_impl(ToolWindowImpl.kt:524)
	at com.intellij.openapi.wm.impl.ToolWindowImpl.scheduleContentInitializationIfNeeded$intellij_platform_ide_impl(ToolWindowImpl.kt:503)
	at com.intellij.openapi.wm.impl.ToolWindowManagerImpl.doShowWindow(ToolWindowManagerImpl.kt:1016)
	at com.intellij.openapi.wm.impl.ToolWindowManagerImpl.showToolWindowImpl(ToolWindowManagerImpl.kt:962)
	at com.intellij.openapi.wm.impl.ToolWindowManagerImpl.showToolWindowImpl$default(ToolWindowManagerImpl.kt:951)
	at com.intellij.openapi.wm.impl.ToolWindowManagerImpl.doRegisterToolWindow(ToolWindowManagerImpl.kt:1093)
	at com.intellij.openapi.wm.impl.ToolWindowManagerImpl.initToolWindows(ToolWindowManagerImpl.kt:516)
	at com.intellij.openapi.wm.impl.ToolWindowManagerImpl.access$initToolWindows(ToolWindowManagerImpl.kt:88)
	at com.intellij.openapi.wm.impl.ToolWindowManagerImpl$beforeProjectOpenedTask$1.run(ToolWindowManagerImpl.kt:432)
	at com.intellij.openapi.application.TransactionGuardImpl.runWithWritingAllowed(TransactionGuardImpl.java:214)
	at com.intellij.openapi.application.TransactionGuardImpl.access$200(TransactionGuardImpl.java:21)
	at com.intellij.openapi.application.TransactionGuardImpl$2.run(TransactionGuardImpl.java:196)
	at com.intellij.openapi.application.impl.ApplicationImpl.runIntendedWriteActionOnCurrentThread(ApplicationImpl.java:794)
	at com.intellij.openapi.application.impl.ApplicationImpl.lambda$invokeLater$4(ApplicationImpl.java:350)
	at com.intellij.openapi.application.impl.FlushQueue.doRun(FlushQueue.java:84)
	at com.intellij.openapi.application.impl.FlushQueue.runNextEvent(FlushQueue.java:133)
	at com.intellij.openapi.application.impl.FlushQueue.flushNow(FlushQueue.java:46)
	at com.intellij.openapi.application.impl.FlushQueue$FlushNow.run(FlushQueue.java:189)
	at java.desktop/java.awt.event.InvocationEvent.dispatch(InvocationEvent.java:313)
	at java.desktop/java.awt.EventQueue.dispatchEventImpl(EventQueue.java:776)
	at java.desktop/java.awt.EventQueue$4.run(EventQueue.java:727)
	at java.desktop/java.awt.EventQueue$4.run(EventQueue.java:721)
	at java.base/java.security.AccessController.doPrivileged(Native Method)
	at java.base/java.security.ProtectionDomain$JavaSecurityAccessImpl.doIntersectionPrivilege(ProtectionDomain.java:85)
	at java.desktop/java.awt.EventQueue.dispatchEvent(EventQueue.java:746)
	at com.intellij.ide.IdeEventQueue.defaultDispatchEvent(IdeEventQueue.java:885)
	at com.intellij.ide.IdeEventQueue._dispatchEvent(IdeEventQueue.java:754)
	at com.intellij.ide.IdeEventQueue.lambda$dispatchEvent$6(IdeEventQueue.java:441)
	at com.intellij.openapi.progress.impl.CoreProgressManager.computePrioritized(CoreProgressManager.java:825)
	at com.intellij.ide.IdeEventQueue.lambda$dispatchEvent$7(IdeEventQueue.java:440)
	at com.intellij.openapi.application.impl.ApplicationImpl.runIntendedWriteActionOnCurrentThread(ApplicationImpl.java:794)
	at com.intellij.ide.IdeEventQueue.dispatchEvent(IdeEventQueue.java:486)
	at java.desktop/java.awt.EventDispatchThread.pumpOneEventForFilters(EventDispatchThread.java:203)
	at java.desktop/java.awt.EventDispatchThread.pumpEventsForFilter(EventDispatchThread.java:124)
	at java.desktop/java.awt.EventDispatchThread.pumpEventsForHierarchy(EventDispatchThread.java:113)
	at java.desktop/java.awt.EventDispatchThread.pumpEvents(EventDispatchThread.java:109)
	at java.desktop/java.awt.EventDispatchThread.pumpEvents(EventDispatchThread.java:101)
	at java.desktop/java.awt.EventDispatchThread.run(EventDispatchThread.java:90)
2022-09-16 10:57:10,546 [  36882]   WARN - tions.ex.ConfigurableCardPanel - auto-dispose 'Android SDK' id=AndroidSdkUpdater 
2022-09-16 10:57:10,546 [  36882]   WARN - tions.ex.ConfigurableCardPanel - auto-dispose 'Android SDK' id=AndroidSdkUpdater 
2022-09-16 10:57:10,546 [  36882]   WARN - tions.ex.ConfigurableCardPanel - auto-dispose 'Android SDK' id=AndroidSdkUpdater 
2022-09-16 10:57:20,917 [  47253]   WARN - or: Wear OS Large Round API 30 - unexpected system image feature string, emulator might not function correctly, please try updating the emulator. 
2022-09-16 10:57:21,092 [  47428]   WARN - or: Wear OS Large Round API 30 - cannot add library /n/ojka/Android/Sdk/emulator/qemu/linux-x86_64/lib64/vulkan/libvulkan.so: failed 
2022-09-16 10:57:21,483 [  47819]   WARN - or: Wear OS Large Round API 30 - *** Basic token auth will be deprecated soon, please migrate to using -grpc-use-jwt *** 
2022-09-16 10:57:31,673 [  58009]   WARN - ger.EmulatorConnectionListener - Emulator not ready yet, dev.bootcomplete = null 
2022-09-16 10:57:32,709 [  59045]   WARN - ger.EmulatorConnectionListener - Emulator not ready yet, dev.bootcomplete = null 
2022-09-16 10:57:33,751 [  60087]   WARN - ger.EmulatorConnectionListener - Emulator not ready yet, dev.bootcomplete = null 
2022-09-16 10:57:34,793 [  61129]   WARN - ger.EmulatorConnectionListener - Emulator not ready yet, dev.bootcomplete = null 
2022-09-16 10:57:35,835 [  62171]   WARN - ger.EmulatorConnectionListener - Emulator not ready yet, dev.bootcomplete = null 
2022-09-16 11:00:54,181 [ 260517]   WARN -            #com.android.ddmlib - Failed to start monitoring 1cf6c96 
2022-09-16 11:06:25,267 [ 591603]   WARN -            #com.android.ddmlib - Failed to start monitoring emulator-5554 
2022-09-16 11:06:51,026 [ 617362]   WARN - or: Wear OS Small Round API 30 - unexpected system image feature string, emulator might not function correctly, please try updating the emulator. 
2022-09-16 11:06:51,082 [ 617418]   WARN - or: Wear OS Small Round API 30 - cannot add library /n/ojka/Android/Sdk/emulator/qemu/linux-x86_64/lib64/vulkan/libvulkan.so: failed 
2022-09-16 11:06:51,279 [ 617615]   WARN - or: Wear OS Small Round API 30 - *** Basic token auth will be deprecated soon, please migrate to using -grpc-use-jwt *** 
2022-09-16 11:07:01,039 [ 627375]   WARN - ger.EmulatorConnectionListener - Emulator not ready yet, dev.bootcomplete = null 
2022-09-16 11:07:02,076 [ 628412]   WARN - ger.EmulatorConnectionListener - Emulator not ready yet, dev.bootcomplete = null 
2022-09-16 11:07:03,123 [ 629459]   WARN - ger.EmulatorConnectionListener - Emulator not ready yet, dev.bootcomplete = null 
2022-09-16 11:10:33,890 [ 840226]   WARN -            #com.android.ddmlib - Failed to start monitoring RQ3006DWZL 
2022-09-16 12:28:17,790 [5504126]   WARN -            #com.android.ddmlib - Failed to start monitoring emulator-5554 
2022-09-16 12:28:25,297 [5511633]   WARN - Emulator: Wear OS Round API 30 - unexpected system image feature string, emulator might not function correctly, please try updating the emulator. 
2022-09-16 12:28:25,353 [5511689]   WARN - Emulator: Wear OS Round API 30 - cannot add library /n/ojka/Android/Sdk/emulator/qemu/linux-x86_64/lib64/vulkan/libvulkan.so: failed 
2022-09-16 12:28:25,582 [5511918]   WARN - Emulator: Wear OS Round API 30 - *** Basic token auth will be deprecated soon, please migrate to using -grpc-use-jwt *** 
2022-09-16 12:28:35,311 [5521647]   WARN - ger.EmulatorConnectionListener - Emulator not ready yet, dev.bootcomplete = null 
2022-09-16 12:28:36,347 [5522683]   WARN - ger.EmulatorConnectionListener - Emulator not ready yet, dev.bootcomplete = null 
2022-09-16 12:28:37,389 [5523725]   WARN - ger.EmulatorConnectionListener - Emulator not ready yet, dev.bootcomplete = null 
2022-09-16 12:32:16,754 [5743090]   WARN -            #com.android.ddmlib - Failed to start monitoring JQE6R18402000126 
2022-09-16 12:35:29,394 [5935730]   WARN -            #com.android.ddmlib - Failed to start monitoring JQE6R18402000126 
2022-09-16 13:27:41,233 [9067569]   WARN -            #com.android.ddmlib - Failed to start monitoring emulator-5554 
2022-09-16 13:27:51,500 [9077836]   WARN - or: Wear OS Small Round API 30 - unexpected system image feature string, emulator might not function correctly, please try updating the emulator. 
2022-09-16 13:27:51,555 [9077891]   WARN - or: Wear OS Small Round API 30 - cannot add library /n/ojka/Android/Sdk/emulator/qemu/linux-x86_64/lib64/vulkan/libvulkan.so: failed 
2022-09-16 13:27:51,741 [9078077]   WARN - or: Wear OS Small Round API 30 - *** Basic token auth will be deprecated soon, please migrate to using -grpc-use-jwt *** 
2022-09-16 13:29:41,759 [9188095]   WARN - Emulator: Wear OS Round API 30 - unexpected system image feature string, emulator might not function correctly, please try updating the emulator. 
2022-09-16 13:29:41,813 [9188149]   WARN - Emulator: Wear OS Round API 30 - cannot add library /n/ojka/Android/Sdk/emulator/qemu/linux-x86_64/lib64/vulkan/libvulkan.so: failed 
2022-09-16 13:29:41,999 [9188335]   WARN - Emulator: Wear OS Round API 30 - *** Basic token auth will be deprecated soon, please migrate to using -grpc-use-jwt *** 
2022-09-16 13:29:47,010 [9193346]  ERROR - Emulator: Wear OS Round API 30 - Channel is not open! 
2022-09-16 13:29:47,012 [9193348]  ERROR - Emulator: Wear OS Round API 30 - Android Studio Chipmunk | 2021.2.1 Patch 2  Build #AI-212.5712.43.2112.8815526 
2022-09-16 13:29:47,016 [9193352]  ERROR - Emulator: Wear OS Round API 30 - JDK: 11.0.12; VM: OpenJDK 64-Bit Server VM; Vendor: JetBrains s.r.o. 
2022-09-16 13:29:47,016 [9193352]  ERROR - Emulator: Wear OS Round API 30 - OS: Linux 
2022-09-16 13:29:47,016 [9193352]  ERROR - Emulator: Wear OS Round API 30 - Last Action: android.emulator.screenshot 
2022-09-16 13:29:52,007 [9198343]  ERROR - Emulator: Wear OS Round API 30 - Channel is not open! 
2022-09-16 13:29:52,007 [9198343]  ERROR - Emulator: Wear OS Round API 30 - Android Studio Chipmunk | 2021.2.1 Patch 2  Build #AI-212.5712.43.2112.8815526 
2022-09-16 13:29:52,007 [9198343]  ERROR - Emulator: Wear OS Round API 30 - JDK: 11.0.12; VM: OpenJDK 64-Bit Server VM; Vendor: JetBrains s.r.o. 
2022-09-16 13:29:52,007 [9198343]  ERROR - Emulator: Wear OS Round API 30 - OS: Linux 
2022-09-16 13:29:52,007 [9198343]  ERROR - Emulator: Wear OS Round API 30 - Last Action: android.emulator.screenshot 
2022-09-16 13:32:23,188 [9349524]   WARN -            #com.android.ddmlib - Failed to start monitoring emulator-5554 
2022-09-16 13:32:25,944 [9352280]   WARN -            #com.android.ddmlib - Failed to start monitoring emulator-5556 
2022-09-16 13:32:38,041 [9364377]   WARN - Emulator: Wear OS Round API 26 - cannot add library /n/ojka/Android/Sdk/emulator/qemu/linux-x86_64/lib64/vulkan/libvulkan.so: failed 
2022-09-16 13:32:38,167 [9364503]   WARN - Emulator: Wear OS Round API 26 - *** Basic token auth will be deprecated soon, please migrate to using -grpc-use-jwt *** 
2022-09-16 13:32:38,716 [9365052]   WARN - ea.emulator.EmulatorController - android.emulation.control.EmulatorController/getDisplayConfigurations call failed - FAILED_PRECONDITION: The multi-display feature is not available 
2022-09-16 13:32:41,721 [9368057]   WARN - ger.EmulatorConnectionListener - Emulator not ready yet, dev.bootcomplete = null 
2022-09-16 13:32:42,757 [9369093]   WARN - ger.EmulatorConnectionListener - Emulator not ready yet, dev.bootcomplete = null 
2022-09-16 13:32:43,794 [9370130]   WARN - ger.EmulatorConnectionListener - Emulator not ready yet, dev.bootcomplete = null 
2022-09-16 13:32:44,830 [9371166]   WARN - ger.EmulatorConnectionListener - Emulator not ready yet, dev.bootcomplete = null 
2022-09-16 13:32:45,867 [9372203]   WARN - ger.EmulatorConnectionListener - Emulator not ready yet, dev.bootcomplete = null 
2022-09-16 13:32:46,903 [9373239]   WARN - ger.EmulatorConnectionListener - Emulator not ready yet, dev.bootcomplete = null 
2022-09-16 13:32:47,939 [9374275]   WARN - ger.EmulatorConnectionListener - Emulator not ready yet, dev.bootcomplete = null 
2022-09-16 13:32:48,976 [9375312]   WARN - ger.EmulatorConnectionListener - Emulator not ready yet, dev.bootcomplete = null 
2022-09-16 13:32:50,013 [9376349]   WARN - ger.EmulatorConnectionListener - Emulator not ready yet, dev.bootcomplete = null 
2022-09-16 13:32:51,049 [9377385]   WARN - ger.EmulatorConnectionListener - Emulator not ready yet, dev.bootcomplete = null 
2022-09-16 13:32:52,086 [9378422]   WARN - ger.EmulatorConnectionListener - Emulator not ready yet, dev.bootcomplete = null 
2022-09-16 13:32:53,122 [9379458]   WARN - ger.EmulatorConnectionListener - Emulator not ready yet, dev.bootcomplete = null 
2022-09-16 13:32:54,158 [9380494]   WARN - ger.EmulatorConnectionListener - Emulator not ready yet, dev.bootcomplete = null 
2022-09-16 13:32:55,195 [9381531]   WARN - ger.EmulatorConnectionListener - Emulator not ready yet, dev.bootcomplete = null 
2022-09-16 13:32:56,231 [9382567]   WARN - ger.EmulatorConnectionListener - Emulator not ready yet, dev.bootcomplete = null 
2022-09-16 13:32:57,268 [9383604]   WARN - ger.EmulatorConnectionListener - Emulator not ready yet, dev.bootcomplete = null 
2022-09-16 13:32:58,304 [9384640]   WARN - ger.EmulatorConnectionListener - Emulator not ready yet, dev.bootcomplete = null 
2022-09-16 13:32:59,340 [9385676]   WARN - ger.EmulatorConnectionListener - Emulator not ready yet, dev.bootcomplete = null 
2022-09-16 13:33:00,377 [9386713]   WARN - ger.EmulatorConnectionListener - Emulator not ready yet, dev.bootcomplete = null 
2022-09-16 13:33:01,413 [9387749]   WARN - ger.EmulatorConnectionListener - Emulator not ready yet, dev.bootcomplete = null 
2022-09-16 13:33:02,450 [9388786]   WARN - ger.EmulatorConnectionListener - Emulator not ready yet, dev.bootcomplete = null 
2022-09-16 13:33:03,461 [9389797]   WARN - ger.EmulatorConnectionListener - Emulator not ready yet, dev.bootcomplete = null 
2022-09-16 13:33:04,497 [9390833]   WARN - ger.EmulatorConnectionListener - Emulator not ready yet, dev.bootcomplete = null 
2022-09-16 13:33:05,534 [9391870]   WARN - ger.EmulatorConnectionListener - Emulator not ready yet, dev.bootcomplete = null 
2022-09-16 13:59:17,024 [10963360]   WARN - penapi.actionSystem.impl.Utils - Skipping empty menu item for action 'null (null)' (class com.intellij.ide.actions.ViewToolbarAction). Please specify some default action text in plugin.xml or action constructor 
2022-09-16 14:03:01,350 [11187686]   WARN -            #com.android.ddmlib - Failed to start monitoring emulator-5554 
2022-09-16 14:03:05,989 [11192325]   WARN -            #com.android.ddmlib - Failed to start monitoring RQ3006DWZL 
2022-09-16 14:03:53,100 [11239436]   WARN - or: Wear OS Small Round API 30 - unexpected system image feature string, emulator might not function correctly, please try updating the emulator. 
2022-09-16 14:03:53,174 [11239510]   WARN - or: Wear OS Small Round API 30 - cannot add library /n/ojka/Android/Sdk/emulator/qemu/linux-x86_64/lib64/vulkan/libvulkan.so: failed 
2022-09-16 14:03:53,413 [11239749]   WARN - or: Wear OS Small Round API 30 - *** Basic token auth will be deprecated soon, please migrate to using -grpc-use-jwt *** 
2022-09-16 14:05:47,502 [11353838]   WARN -            #com.android.ddmlib - Failed to start monitoring JQE6R18402000126 
2022-09-16 14:07:08,393 [11434729]   WARN -            #com.android.ddmlib - Failed to start monitoring RQ3006DWZL 
2022-09-16 14:07:19,400 [11445736]   WARN -            #com.android.ddmlib - Failed to start monitoring JQE6R18402000126 
2022-09-16 14:08:31,566 [11517902]   WARN -            #com.android.ddmlib - Failed to start monitoring RQ3006DWZL 
2022-09-16 14:08:56,731 [11543067]   WARN - Emulator: Wear OS Round API 26 - cannot add library /n/ojka/Android/Sdk/emulator/qemu/linux-x86_64/lib64/vulkan/libvulkan.so: failed 
2022-09-16 14:08:56,766 [11543102]   WARN - Emulator: Wear OS Round API 26 - *** Basic token auth will be deprecated soon, please migrate to using -grpc-use-jwt *** 
2022-09-16 14:08:57,599 [11543935]   WARN - ea.emulator.EmulatorController - android.emulation.control.EmulatorController/getDisplayConfigurations call failed - FAILED_PRECONDITION: The multi-display feature is not available 
2022-09-16 14:09:01,742 [11548078]   WARN - ea.emulator.EmulatorController - android.emulation.control.EmulatorController/getDisplayConfigurations call failed - FAILED_PRECONDITION: The multi-display feature is not available 
2022-09-16 14:09:01,772 [11548108]  ERROR - Emulator: Wear OS Round API 26 - Channel is not open! 
2022-09-16 14:09:01,772 [11548108]  ERROR - Emulator: Wear OS Round API 26 - Android Studio Chipmunk | 2021.2.1 Patch 2  Build #AI-212.5712.43.2112.8815526 
2022-09-16 14:09:01,772 [11548108]  ERROR - Emulator: Wear OS Round API 26 - JDK: 11.0.12; VM: OpenJDK 64-Bit Server VM; Vendor: JetBrains s.r.o. 
2022-09-16 14:09:01,772 [11548108]  ERROR - Emulator: Wear OS Round API 26 - OS: Linux 
2022-09-16 14:09:03,297 [11549633]   WARN -            #com.android.ddmlib - Failed to start monitoring emulator-5554 
2022-09-16 14:09:06,773 [11553109]  ERROR - Emulator: Wear OS Round API 26 - Channel is not open! 
2022-09-16 14:09:06,773 [11553109]  ERROR - Emulator: Wear OS Round API 26 - Android Studio Chipmunk | 2021.2.1 Patch 2  Build #AI-212.5712.43.2112.8815526 
2022-09-16 14:09:06,773 [11553109]  ERROR - Emulator: Wear OS Round API 26 - JDK: 11.0.12; VM: OpenJDK 64-Bit Server VM; Vendor: JetBrains s.r.o. 
2022-09-16 14:09:06,773 [11553109]  ERROR - Emulator: Wear OS Round API 26 - OS: Linux 
2022-09-16 14:18:31,901 [12118237]   WARN -            #com.android.ddmlib - Failed to start monitoring emulator-5556 
2022-09-16 14:18:31,985 [12118321]  ERROR - Emulator: Wear OS Round API 26 - Emulator terminated with exit code 137 
java.lang.Throwable: Emulator terminated with exit code 137
	at com.intellij.openapi.diagnostic.Logger.error(Logger.java:182)
	at com.android.tools.idea.avdmanager.EmulatorProcessHandler$ConsoleListener.onTextAvailable(EmulatorProcessHandler.kt:89)
	at jdk.internal.reflect.GeneratedMethodAccessor87.invoke(Unknown Source)
	at java.base/jdk.internal.reflect.DelegatingMethodAccessorImpl.invoke(DelegatingMethodAccessorImpl.java:43)
	at java.base/java.lang.reflect.Method.invoke(Method.java:566)
	at com.intellij.execution.process.ProcessHandler$2.invoke(ProcessHandler.java:247)
	at com.sun.proxy.$Proxy34.onTextAvailable(Unknown Source)
	at com.intellij.execution.process.ProcessHandler.notifyTextAvailable(ProcessHandler.java:221)
	at com.intellij.execution.process.ProcessTerminatedListener.processTerminated(ProcessTerminatedListener.java:54)
	at jdk.internal.reflect.GeneratedMethodAccessor128.invoke(Unknown Source)
	at java.base/jdk.internal.reflect.DelegatingMethodAccessorImpl.invoke(DelegatingMethodAccessorImpl.java:43)
	at java.base/java.lang.reflect.Method.invoke(Method.java:566)
	at com.intellij.execution.process.ProcessHandler$2.invoke(ProcessHandler.java:247)
	at com.sun.proxy.$Proxy34.processTerminated(Unknown Source)
	at com.intellij.execution.process.ProcessHandler.lambda$notifyTerminated$2(ProcessHandler.java:205)
	at com.intellij.execution.process.ProcessHandler$TasksRunner.execute(ProcessHandler.java:280)
	at com.intellij.execution.process.ProcessHandler.notifyTerminated(ProcessHandler.java:188)
	at com.intellij.execution.process.ProcessHandler.notifyProcessTerminated(ProcessHandler.java:184)
	at com.intellij.execution.process.BaseProcessHandler.onOSProcessTerminated(BaseProcessHandler.java:61)
	at com.intellij.execution.process.BaseOSProcessHandler$1.lambda$startNotified$0(BaseOSProcessHandler.java:99)
	at com.intellij.execution.process.ProcessWaitFor.lambda$new$0(ProcessWaitFor.java:45)
	at com.intellij.util.ConcurrencyUtil.runUnderThreadName(ConcurrencyUtil.java:213)
	at com.intellij.execution.process.ProcessWaitFor.lambda$new$1(ProcessWaitFor.java:23)
	at java.base/java.util.concurrent.Executors$RunnableAdapter.call(Executors.java:515)
	at java.base/java.util.concurrent.FutureTask.run(FutureTask.java:264)
	at java.base/java.util.concurrent.ThreadPoolExecutor.runWorker(ThreadPoolExecutor.java:1128)
	at java.base/java.util.concurrent.ThreadPoolExecutor$Worker.run(ThreadPoolExecutor.java:628)
	at java.base/java.util.concurrent.Executors$PrivilegedThreadFactory$1$1.run(Executors.java:668)
	at java.base/java.util.concurrent.Executors$PrivilegedThreadFactory$1$1.run(Executors.java:665)
	at java.base/java.security.AccessController.doPrivileged(Native Method)
	at java.base/java.util.concurrent.Executors$PrivilegedThreadFactory$1.run(Executors.java:665)
	at java.base/java.lang.Thread.run(Thread.java:829)
2022-09-16 14:18:31,986 [12118322]  ERROR - Emulator: Wear OS Round API 26 - Android Studio Chipmunk | 2021.2.1 Patch 2  Build #AI-212.5712.43.2112.8815526 
2022-09-16 14:18:31,986 [12118322]  ERROR - Emulator: Wear OS Round API 26 - JDK: 11.0.12; VM: OpenJDK 64-Bit Server VM; Vendor: JetBrains s.r.o. 
2022-09-16 14:18:31,987 [12118323]  ERROR - Emulator: Wear OS Round API 26 - OS: Linux 
2022-09-16 14:18:31,987 [12118323]  ERROR - Emulator: Wear OS Round API 26 - Last Action: EditorBackSpace 
2022-09-16 14:18:37,426 [12123762]   WARN - Emulator: Wear OS Round API 30 - unexpected system image feature string, emulator might not function correctly, please try updating the emulator. 
2022-09-16 14:18:37,482 [12123818]   WARN - Emulator: Wear OS Round API 30 - cannot add library /n/ojka/Android/Sdk/emulator/qemu/linux-x86_64/lib64/vulkan/libvulkan.so: failed 
2022-09-16 14:18:37,729 [12124065]   WARN - Emulator: Wear OS Round API 30 - *** Basic token auth will be deprecated soon, please migrate to using -grpc-use-jwt *** 
2022-09-16 15:16:51,427 [15617763]   WARN -            #com.android.ddmlib - Failed to start monitoring JQE6R18402000126 
2022-09-16 15:17:31,700 [15658036]   WARN -            #com.android.ddmlib - Failed to start monitoring emulator-5554 
2022-09-16 15:17:31,701 [15658037]   WARN - ea.emulator.EmulatorController - android.emulation.control.EmulatorController/streamScreenshot call failed - UNAVAILABLE: Network closed for unknown reason 
2022-09-16 15:17:31,701 [15658037]   WARN - ea.emulator.EmulatorController - android.emulation.control.EmulatorController/streamNotification call failed - UNAVAILABLE: Network closed for unknown reason 
2022-09-16 15:17:31,859 [15658195]  ERROR - Emulator: Wear OS Round API 30 - Emulator terminated with exit code 139 
java.lang.Throwable: Emulator terminated with exit code 139
	at com.intellij.openapi.diagnostic.Logger.error(Logger.java:182)
	at com.android.tools.idea.avdmanager.EmulatorProcessHandler$ConsoleListener.onTextAvailable(EmulatorProcessHandler.kt:89)
	at jdk.internal.reflect.GeneratedMethodAccessor87.invoke(Unknown Source)
	at java.base/jdk.internal.reflect.DelegatingMethodAccessorImpl.invoke(DelegatingMethodAccessorImpl.java:43)
	at java.base/java.lang.reflect.Method.invoke(Method.java:566)
	at com.intellij.execution.process.ProcessHandler$2.invoke(ProcessHandler.java:247)
	at com.sun.proxy.$Proxy34.onTextAvailable(Unknown Source)
	at com.intellij.execution.process.ProcessHandler.notifyTextAvailable(ProcessHandler.java:221)
	at com.intellij.execution.process.ProcessTerminatedListener.processTerminated(ProcessTerminatedListener.java:54)
	at jdk.internal.reflect.GeneratedMethodAccessor128.invoke(Unknown Source)
	at java.base/jdk.internal.reflect.DelegatingMethodAccessorImpl.invoke(DelegatingMethodAccessorImpl.java:43)
	at java.base/java.lang.reflect.Method.invoke(Method.java:566)
	at com.intellij.execution.process.ProcessHandler$2.invoke(ProcessHandler.java:247)
	at com.sun.proxy.$Proxy34.processTerminated(Unknown Source)
	at com.intellij.execution.process.ProcessHandler.lambda$notifyTerminated$2(ProcessHandler.java:205)
	at com.intellij.execution.process.ProcessHandler$TasksRunner.execute(ProcessHandler.java:280)
	at com.intellij.execution.process.ProcessHandler.notifyTerminated(ProcessHandler.java:188)
	at com.intellij.execution.process.ProcessHandler.notifyProcessTerminated(ProcessHandler.java:184)
	at com.intellij.execution.process.BaseProcessHandler.onOSProcessTerminated(BaseProcessHandler.java:61)
	at com.intellij.execution.process.BaseOSProcessHandler$1.lambda$startNotified$0(BaseOSProcessHandler.java:99)
	at com.intellij.execution.process.ProcessWaitFor.lambda$new$0(ProcessWaitFor.java:45)
	at com.intellij.util.ConcurrencyUtil.runUnderThreadName(ConcurrencyUtil.java:213)
	at com.intellij.execution.process.ProcessWaitFor.lambda$new$1(ProcessWaitFor.java:23)
	at java.base/java.util.concurrent.Executors$RunnableAdapter.call(Executors.java:515)
	at java.base/java.util.concurrent.FutureTask.run(FutureTask.java:264)
	at java.base/java.util.concurrent.ThreadPoolExecutor.runWorker(ThreadPoolExecutor.java:1128)
	at java.base/java.util.concurrent.ThreadPoolExecutor$Worker.run(ThreadPoolExecutor.java:628)
	at java.base/java.util.concurrent.Executors$PrivilegedThreadFactory$1$1.run(Executors.java:668)
	at java.base/java.util.concurrent.Executors$PrivilegedThreadFactory$1$1.run(Executors.java:665)
	at java.base/java.security.AccessController.doPrivileged(Native Method)
	at java.base/java.util.concurrent.Executors$PrivilegedThreadFactory$1.run(Executors.java:665)
	at java.base/java.lang.Thread.run(Thread.java:829)
2022-09-16 15:17:31,860 [15658196]  ERROR - Emulator: Wear OS Round API 30 - Android Studio Chipmunk | 2021.2.1 Patch 2  Build #AI-212.5712.43.2112.8815526 
2022-09-16 15:17:31,860 [15658196]  ERROR - Emulator: Wear OS Round API 30 - JDK: 11.0.12; VM: OpenJDK 64-Bit Server VM; Vendor: JetBrains s.r.o. 
2022-09-16 15:17:31,860 [15658196]  ERROR - Emulator: Wear OS Round API 30 - OS: Linux 
2022-09-16 15:17:31,860 [15658196]  ERROR - Emulator: Wear OS Round API 30 - Last Action: android.emulator.screenshot 
2022-09-16 15:17:39,487 [15665823]   WARN - ea.emulator.EmulatorController - android.emulation.control.EmulatorController/getVmState call failed - UNAVAILABLE: io exception 
2022-09-17 10:21:24,236 [   2207]   WARN - #com.intellij.ui.jcef.JBCefApp - JCEF runtime library is not a JBR module (Use JBR bundled with the IDE) 
2022-09-17 10:21:26,847 [   4818]   WARN - nSystem.impl.ActionToolbarImpl - 'AndroidBuildVariantViewNotifications' toolbar by default uses any focused component to update its actions. Toolbar actions that need local UI context would be incorrectly disabled. Please call toolbar.setTargetComponent() explicitly. 
java.lang.Throwable: toolbar creation trace
	at com.intellij.openapi.actionSystem.impl.ActionToolbarImpl.<init>(ActionToolbarImpl.java:114)
	at com.intellij.openapi.actionSystem.impl.ActionManagerImpl.createActionToolbar(ActionManagerImpl.java:440)
	at com.intellij.openapi.actionSystem.impl.ActionManagerImpl.createActionToolbar(ActionManagerImpl.java:434)
	at com.android.tools.idea.gradle.variant.view.BuildVariantView$NotificationPanel.<init>(BuildVariantView.java:415)
	at com.android.tools.idea.gradle.variant.view.BuildVariantView.createUIComponents(BuildVariantView.java:154)
	at com.android.tools.idea.gradle.variant.view.BuildVariantView.$$$setupUI$$$(BuildVariantView.java)
	at com.android.tools.idea.gradle.variant.view.BuildVariantView.<init>(BuildVariantView.java:118)
	at com.android.tools.idea.gradle.variant.view.BuildVariantView.<init>(BuildVariantView.java:139)
	at java.base/jdk.internal.reflect.NativeConstructorAccessorImpl.newInstance0(Native Method)
	at java.base/jdk.internal.reflect.NativeConstructorAccessorImpl.newInstance(NativeConstructorAccessorImpl.java:62)
	at java.base/jdk.internal.reflect.DelegatingConstructorAccessorImpl.newInstance(DelegatingConstructorAccessorImpl.java:45)
	at java.base/java.lang.reflect.Constructor.newInstance(Constructor.java:490)
	at com.intellij.serviceContainer.ConstructorInjectionKt.instantiateUsingPicoContainer(constructorInjection.kt:52)
	at com.intellij.serviceContainer.ComponentManagerImpl.instantiateClassWithConstructorInjection(ComponentManagerImpl.kt:877)
	at com.intellij.serviceContainer.ServiceComponentAdapter.createAndInitialize(ServiceComponentAdapter.kt:48)
	at com.intellij.serviceContainer.ServiceComponentAdapter.doCreateInstance(ServiceComponentAdapter.kt:36)
	at com.intellij.serviceContainer.BaseComponentAdapter.getInstanceUncached(BaseComponentAdapter.kt:113)
	at com.intellij.serviceContainer.BaseComponentAdapter.getInstance(BaseComponentAdapter.kt:67)
	at com.intellij.serviceContainer.BaseComponentAdapter.getInstance$default(BaseComponentAdapter.kt:60)
	at com.intellij.serviceContainer.ComponentManagerImpl.doGetService(ComponentManagerImpl.kt:590)
	at com.intellij.serviceContainer.ComponentManagerImpl.getService(ComponentManagerImpl.kt:573)
	at com.intellij.openapi.client.ClientAwareComponentManager.getFromSelfOrCurrentSession(ClientAwareComponentManager.kt:37)
	at com.intellij.openapi.client.ClientAwareComponentManager.getService(ClientAwareComponentManager.kt:22)
	at com.android.tools.idea.gradle.variant.view.BuildVariantView.getInstance(BuildVariantView.java:135)
	at com.android.tools.idea.gradle.variant.view.BuildVariantToolWindowFactory.createToolWindowContent(BuildVariantToolWindowFactory.java:32)
	at com.intellij.openapi.wm.impl.ToolWindowImpl.createContentIfNeeded$intellij_platform_ide_impl(ToolWindowImpl.kt:524)
	at com.intellij.openapi.wm.impl.ToolWindowImpl.scheduleContentInitializationIfNeeded$intellij_platform_ide_impl(ToolWindowImpl.kt:503)
	at com.intellij.openapi.wm.impl.ToolWindowManagerImpl.doShowWindow(ToolWindowManagerImpl.kt:1016)
	at com.intellij.openapi.wm.impl.ToolWindowManagerImpl.showToolWindowImpl(ToolWindowManagerImpl.kt:962)
	at com.intellij.openapi.wm.impl.ToolWindowManagerImpl.showToolWindowImpl$default(ToolWindowManagerImpl.kt:951)
	at com.intellij.openapi.wm.impl.ToolWindowManagerImpl.doRegisterToolWindow(ToolWindowManagerImpl.kt:1093)
	at com.intellij.openapi.wm.impl.ToolWindowManagerImpl.initToolWindows(ToolWindowManagerImpl.kt:516)
	at com.intellij.openapi.wm.impl.ToolWindowManagerImpl.access$initToolWindows(ToolWindowManagerImpl.kt:88)
	at com.intellij.openapi.wm.impl.ToolWindowManagerImpl$beforeProjectOpenedTask$1.run(ToolWindowManagerImpl.kt:432)
	at com.intellij.openapi.application.TransactionGuardImpl.runWithWritingAllowed(TransactionGuardImpl.java:214)
	at com.intellij.openapi.application.TransactionGuardImpl.access$200(TransactionGuardImpl.java:21)
	at com.intellij.openapi.application.TransactionGuardImpl$2.run(TransactionGuardImpl.java:196)
	at com.intellij.openapi.application.impl.ApplicationImpl.runIntendedWriteActionOnCurrentThread(ApplicationImpl.java:794)
	at com.intellij.openapi.application.impl.ApplicationImpl.lambda$invokeLater$4(ApplicationImpl.java:350)
	at com.intellij.openapi.application.impl.FlushQueue.doRun(FlushQueue.java:84)
	at com.intellij.openapi.application.impl.FlushQueue.runNextEvent(FlushQueue.java:133)
	at com.intellij.openapi.application.impl.FlushQueue.flushNow(FlushQueue.java:46)
	at com.intellij.openapi.application.impl.FlushQueue$FlushNow.run(FlushQueue.java:189)
	at java.desktop/java.awt.event.InvocationEvent.dispatch(InvocationEvent.java:313)
	at java.desktop/java.awt.EventQueue.dispatchEventImpl(EventQueue.java:776)
	at java.desktop/java.awt.EventQueue$4.run(EventQueue.java:727)
	at java.desktop/java.awt.EventQueue$4.run(EventQueue.java:721)
	at java.base/java.security.AccessController.doPrivileged(Native Method)
	at java.base/java.security.ProtectionDomain$JavaSecurityAccessImpl.doIntersectionPrivilege(ProtectionDomain.java:85)
	at java.desktop/java.awt.EventQueue.dispatchEvent(EventQueue.java:746)
	at com.intellij.ide.IdeEventQueue.defaultDispatchEvent(IdeEventQueue.java:885)
	at com.intellij.ide.IdeEventQueue._dispatchEvent(IdeEventQueue.java:754)
	at com.intellij.ide.IdeEventQueue.lambda$dispatchEvent$6(IdeEventQueue.java:441)
	at com.intellij.openapi.progress.impl.CoreProgressManager.computePrioritized(CoreProgressManager.java:825)
	at com.intellij.ide.IdeEventQueue.lambda$dispatchEvent$7(IdeEventQueue.java:440)
	at com.intellij.openapi.application.impl.ApplicationImpl.runIntendedWriteActionOnCurrentThread(ApplicationImpl.java:794)
	at com.intellij.ide.IdeEventQueue.dispatchEvent(IdeEventQueue.java:486)
	at java.desktop/java.awt.EventDispatchThread.pumpOneEventForFilters(EventDispatchThread.java:203)
	at java.desktop/java.awt.EventDispatchThread.pumpEventsForFilter(EventDispatchThread.java:124)
	at java.desktop/java.awt.EventDispatchThread.pumpEventsForHierarchy(EventDispatchThread.java:113)
	at java.desktop/java.awt.EventDispatchThread.pumpEvents(EventDispatchThread.java:109)
	at java.desktop/java.awt.EventDispatchThread.pumpEvents(EventDispatchThread.java:101)
	at java.desktop/java.awt.EventDispatchThread.run(EventDispatchThread.java:90)
2022-09-17 10:21:31,383 [   9354]   WARN - idGradleProjectStartupActivity - Disposing module 'Glucodata.Common.androidTest' which is empty, not registered with the external system and '/home/jka/src/android/Glucodata/.idea/modules/-1635128246/Glucodata.Common.androidTest.iml' does not exist. 
2022-09-17 10:26:45,289 [ 323260]   WARN - itors.literals.LiteralsManager - Only Kotlin is supported for LiveLiterals 
2022-09-17 10:26:45,289 [ 323260]   WARN - itors.literals.LiteralsManager - Only Kotlin is supported for LiveLiterals 
2022-09-17 10:27:55,186 [ 393157]   WARN - itors.literals.LiteralsManager - Only Kotlin is supported for LiveLiterals 
2022-09-17 10:27:55,186 [ 393157]   WARN - itors.literals.LiteralsManager - Only Kotlin is supported for LiveLiterals 
2022-09-17 11:59:29,294 [5887265]   WARN -            #com.android.ddmlib - Failed to start monitoring 1cf6c96 
2022-09-17 11:59:29,387 [5887358]   WARN - .diagnostic.PerformanceWatcher - UI was frozen for 8832ms, details saved to /home/jka/.cache/Google/AndroidStudio2021.2/log/threadDumps-freeze-20220917-115929-AI-212.5712.43.2112.8815526-8sec 
